<?xml version="1.0" encoding="UTF-8"?>
<!-- Generated by org.testng.reporters.JUnitReportReporter -->
<testsuite skipped="0" hostname="Pravins-MacBook-Pro.local" name="Java.Maventest.Testcase1" tests="1" failures="0" timestamp="2022-03-31T10:39:46 IST" time="0.056" errors="0">
  <testcase name="vehicleloan" time="0.056" classname="Java.Maventest.Testcase1"/>
  <system-out/>
</testsuite> <!-- Java.Maventest.Testcase1 -->
