<?xml version="1.0" encoding="UTF-8"?>
<!-- Generated by org.testng.reporters.JUnitReportReporter -->
<testsuite skipped="0" hostname="Pravins-MacBook-Pro.local" name="selenium.Register" tests="1" failures="0" timestamp="2022-04-05T10:05:16 IST" time="22.134" errors="0">
  <testcase name="reg" time="22.134" classname="selenium.Register"/>
  <system-out/>
</testsuite> <!-- selenium.Register -->
