<?xml version="1.0" encoding="UTF-8"?>
<!-- Generated by org.testng.reporters.JUnitReportReporter -->
<testsuite skipped="0" hostname="Pravins-MacBook-Pro.local" name="selenium.reports" tests="2" failures="0" timestamp="2022-04-01T21:40:20 IST" time="0.015" errors="0">
  <testcase name="reportdata" time="0.014" classname="selenium.reports"/>
  <system-out/>
  <testcase name="reportdata1" time="0.001" classname="selenium.reports"/>
  <system-out/>
</testsuite> <!-- selenium.reports -->
